make gamex86_64.real.so CFLAGS="-Dstricmp=strcasecmp -funroll-loops -fomit-frame-pointer -fexpensive-optimizations"
make[1]: Entering directory '/home/admindday/Quake2/5.40 chilensi/SRC'
gcc -fcommon -Dstricmp=strcasecmp -funroll-loops -fomit-frame-pointer -fexpensive-optimizations -fPIC -o g_ai.o -c g_ai.c
gcc -fcommon -Dstricmp=strcasecmp -funroll-loops -fomit-frame-pointer -fexpensive-optimizations -fPIC -o g_arty.o -c g_arty.c
gcc -fcommon -Dstricmp=strcasecmp -funroll-loops -fomit-frame-pointer -fexpensive-optimizations -fPIC -o g_cmds.o -c g_cmds.c
g_cmds.c:234:41: warning: initialization of ‘void (*)()’ from incompatible pointer type ‘qboolean (*)(edict_t *)’ {aka ‘qboolean (*)(struct edict_s *)’} [-Wincompatible-pointer-types]
  234 |         "scope",                2,      Cmd_Scope_f,
      |                                         ^~~~~~~~~~~
g_cmds.c:234:41: note: (near initialization for ‘id_GameCmds[28].cmdfunc’)
g_cmds.c: In function ‘Cmd_Say_f’:
g_cmds.c:2424:35: warning: zero-length gnu_printf format string [-Wformat-zero-length]
 2424 |                 sprintf (teamname,"");
      |                                   ^~
g_cmds.c: In function ‘Cmd_Shout_f’:
g_cmds.c:3204:31: warning: implicit declaration of function ‘tolower’ [-Wimplicit-function-declaration]
 3204 |                 filename[i] = tolower(filename[i]);
      |                               ^~~~~~~
g_cmds.c:32:1: note: include ‘<ctype.h>’ or provide a declaration of ‘tolower’
   31 | #include "stddef.h"
  +++ |+#include <ctype.h>
   32 | //#include "p_classes.h"
g_cmds.c: In function ‘Cmd_Say_f’:
g_cmds.c:2421:37: warning: ‘%s’ directive writing up to 63 bytes into a region of size 5 [-Wformat-overflow=]
 2421 |                 sprintf (teamname, "%s ",ent->client->resp.team_on->playermodel);
      |                                     ^~
g_cmds.c:2421:17: note: ‘sprintf’ output between 2 and 65 bytes into a destination of size 5
 2421 |                 sprintf (teamname, "%s ",ent->client->resp.team_on->playermodel);
      |                 ^~~~~~~~~~~~~~~~~~~~~~~~~~~~~~~~~~~~~~~~~~~~~~~~~~~~~~~~~~~~~~~~
gcc -fcommon -Dstricmp=strcasecmp -funroll-loops -fomit-frame-pointer -fexpensive-optimizations -fPIC -o g_combat.o -c g_combat.c
gcc -fcommon -Dstricmp=strcasecmp -funroll-loops -fomit-frame-pointer -fexpensive-optimizations -fPIC -o g_ents.o -c g_ents.c
g_ents.c:305:1: warning: return type defaults to ‘int’ [-Wimplicit-int]
  305 | InitTeam (char *team, int i)
      | ^~~~~~~~
g_ents.c: In function ‘SP_info_team_start’:
g_ents.c:433:38: warning: implicit declaration of function ‘tolower’ [-Wimplicit-function-declaration]
  433 |                 ent->pathtarget[k] = tolower(ent->pathtarget[k]);
      |                                      ^~~~~~~
g_ents.c:30:1: note: include ‘<ctype.h>’ or provide a declaration of ‘tolower’
   29 | #include "g_cmds.h"
  +++ |+#include <ctype.h>
   30 | 
In file included from g_ents.c:28:
g_local.h:669:27: warning: statement will never be executed [-Wswitch-unreachable]
  669 | #define random()        ((rand () & 0x7fff) / ((float)0x7fff))
      |                           ^~~~~~~
g_ents.c:476:43: note: in expansion of macro ‘random’
  476 |                                 r = (int)(random() *4);
      |                                           ^~~~~~
g_local.h:669:27: warning: statement will never be executed [-Wswitch-unreachable]
  669 | #define random()        ((rand () & 0x7fff) / ((float)0x7fff))
      |                           ^~~~~~~
g_ents.c:488:43: note: in expansion of macro ‘random’
  488 |                                 r = (int)(random() *2);
      |                                           ^~~~~~
gcc -fcommon -Dstricmp=strcasecmp -funroll-loops -fomit-frame-pointer -fexpensive-optimizations -fPIC -o g_func.o -c g_func.c
In file included from g_func.c:28:
g_func.c: In function ‘door_use_areaportals’:
g_local.h:664:17: warning: cast from pointer to integer of different size [-Wpointer-to-int-cast]
  664 | #define FOFS(x) (int)&(((edict_t *)0)->x)
      |                 ^
g_func.c:870:32: note: in expansion of macro ‘FOFS’
  870 |         while ((t = G_Find (t, FOFS(targetname), self->target)))
      |                                ^~~~
gcc -fcommon -Dstricmp=strcasecmp -funroll-loops -fomit-frame-pointer -fexpensive-optimizations -fPIC -o g_items.o -c g_items.c
gcc -fcommon -Dstricmp=strcasecmp -funroll-loops -fomit-frame-pointer -fexpensive-optimizations -fPIC -o g_main.o -c g_main.c
In file included from g_main.c:28:
g_main.c: In function ‘EndDMLevel’:
g_local.h:664:17: warning: cast from pointer to integer of different size [-Wpointer-to-int-cast]
  664 | #define FOFS(x) (int)&(((edict_t *)0)->x)
      |                 ^
g_main.c:893:37: note: in expansion of macro ‘FOFS’
  893 |                 ent = G_Find (NULL, FOFS(classname), "target_changelevel");
      |                                     ^~~~
gcc -fcommon -Dstricmp=strcasecmp -funroll-loops -fomit-frame-pointer -fexpensive-optimizations -fPIC -o g_maps.o -c g_maps.c
gcc -fcommon -Dstricmp=strcasecmp -funroll-loops -fomit-frame-pointer -fexpensive-optimizations -fPIC -o g_misc.o -c g_misc.c
In file included from g_misc.c:30:
g_misc.c: In function ‘misc_viper_bomb_use’:
g_local.h:664:17: warning: cast from pointer to integer of different size [-Wpointer-to-int-cast]
  664 | #define FOFS(x) (int)&(((edict_t *)0)->x)
      |                 ^
g_misc.c:2093:31: note: in expansion of macro ‘FOFS’
 2093 |         viper = G_Find (NULL, FOFS(classname), "misc_viper");
      |                               ^~~~
g_misc.c: In function ‘func_clock_think’:
g_local.h:664:17: warning: cast from pointer to integer of different size [-Wpointer-to-int-cast]
  664 | #define FOFS(x) (int)&(((edict_t *)0)->x)
      |                 ^
g_misc.c:2453:45: note: in expansion of macro ‘FOFS’
 2453 |                 self->enemy = G_Find (NULL, FOFS(targetname), self->target);
      |                                             ^~~~
g_misc.c: In function ‘teleporter_touch’:
g_local.h:664:17: warning: cast from pointer to integer of different size [-Wpointer-to-int-cast]
  664 | #define FOFS(x) (int)&(((edict_t *)0)->x)
      |                 ^
g_misc.c:2589:32: note: in expansion of macro ‘FOFS’
 2589 |         while ((t = G_Find (t, FOFS(targetname), self->target)))
      |                                ^~~~
g_local.h:664:17: warning: cast from pointer to integer of different size [-Wpointer-to-int-cast]
  664 | #define FOFS(x) (int)&(((edict_t *)0)->x)
      |                 ^
g_misc.c:2601:32: note: in expansion of macro ‘FOFS’
 2601 |         while ((t = G_Find (t, FOFS(targetname), self->target)))
      |                                ^~~~
g_misc.c: In function ‘strcmpwld’:
g_misc.c:2856:82: warning: implicit declaration of function ‘tolower’ [-Wimplicit-function-declaration]
 2856 |                         Com_sprintf (checked, sizeof(checked), "%s%c", &checked, tolower(give[j]));
      |                                                                                  ^~~~~~~
g_misc.c:32:1: note: include ‘<ctype.h>’ or provide a declaration of ‘tolower’
   31 | #include "x_fire.h"
  +++ |+#include <ctype.h>
   32 | 
gcc -fcommon -Dstricmp=strcasecmp -funroll-loops -fomit-frame-pointer -fexpensive-optimizations -fPIC -o g_monster.o -c g_monster.c
In file included from g_monster.c:28:
g_monster.c: In function ‘monster_start_go’:
g_local.h:664:17: warning: cast from pointer to integer of different size [-Wpointer-to-int-cast]
  664 | #define FOFS(x) (int)&(((edict_t *)0)->x)
      |                 ^
g_monster.c:554:50: note: in expansion of macro ‘FOFS’
  554 |                 while ((target = G_Find (target, FOFS(targetname), self->target)) != NULL)
      |                                                  ^~~~
g_local.h:664:17: warning: cast from pointer to integer of different size [-Wpointer-to-int-cast]
  664 | #define FOFS(x) (int)&(((edict_t *)0)->x)
      |                 ^
g_monster.c:578:50: note: in expansion of macro ‘FOFS’
  578 |                 while ((target = G_Find (target, FOFS(targetname), self->combattarget)) != NULL)
      |                                                  ^~~~
gcc -fcommon -Dstricmp=strcasecmp -funroll-loops -fomit-frame-pointer -fexpensive-optimizations -fPIC -o g_objectives.o -c g_objectives.c
In file included from g_objectives.c:28:
g_objectives.c: In function ‘timed_objective_touch’:
g_local.h:664:17: warning: cast from pointer to integer of different size [-Wpointer-to-int-cast]
  664 | #define FOFS(x) (int)&(((edict_t *)0)->x)
      |                 ^
g_objectives.c:434:48: note: in expansion of macro ‘FOFS’
  434 |                         while ((t = G_Find (t, FOFS(targetname), self->target)))
      |                                                ^~~~
gcc -fcommon -Dstricmp=strcasecmp -funroll-loops -fomit-frame-pointer -fexpensive-optimizations -fPIC -o g_phys.o -c g_phys.c
gcc -fcommon -Dstricmp=strcasecmp -funroll-loops -fomit-frame-pointer -fexpensive-optimizations -fPIC -o g_save.o -c g_save.c
In file included from g_save.c:28:
g_local.h:664:17: warning: cast from pointer to integer of different size [-Wpointer-to-int-cast]
  664 | #define FOFS(x) (int)&(((edict_t *)0)->x)
      |                 ^
g_save.c:31:23: note: in expansion of macro ‘FOFS’
   31 |         {"classname", FOFS(classname), F_LSTRING},
      |                       ^~~~
g_local.h:664:17: warning: cast from pointer to integer of different size [-Wpointer-to-int-cast]
  664 | #define FOFS(x) (int)&(((edict_t *)0)->x)
      |                 ^
g_save.c:32:20: note: in expansion of macro ‘FOFS’
   32 |         {"origin", FOFS(s.origin), F_VECTOR},
      |                    ^~~~
g_local.h:664:17: warning: cast from pointer to integer of different size [-Wpointer-to-int-cast]
  664 | #define FOFS(x) (int)&(((edict_t *)0)->x)
      |                 ^
g_save.c:33:19: note: in expansion of macro ‘FOFS’
   33 |         {"model", FOFS(model), F_LSTRING},
      |                   ^~~~
g_local.h:664:17: warning: cast from pointer to integer of different size [-Wpointer-to-int-cast]
  664 | #define FOFS(x) (int)&(((edict_t *)0)->x)
      |                 ^
g_save.c:34:24: note: in expansion of macro ‘FOFS’
   34 |         {"spawnflags", FOFS(spawnflags), F_INT},
      |                        ^~~~
g_local.h:664:17: warning: cast from pointer to integer of different size [-Wpointer-to-int-cast]
  664 | #define FOFS(x) (int)&(((edict_t *)0)->x)
      |                 ^
g_save.c:35:19: note: in expansion of macro ‘FOFS’
   35 |         {"speed", FOFS(speed), F_FLOAT},
      |                   ^~~~
g_local.h:664:17: warning: cast from pointer to integer of different size [-Wpointer-to-int-cast]
  664 | #define FOFS(x) (int)&(((edict_t *)0)->x)
      |                 ^
g_save.c:36:19: note: in expansion of macro ‘FOFS’
   36 |         {"accel", FOFS(accel), F_FLOAT},
      |                   ^~~~
g_local.h:664:17: warning: cast from pointer to integer of different size [-Wpointer-to-int-cast]
  664 | #define FOFS(x) (int)&(((edict_t *)0)->x)
      |                 ^
g_save.c:37:19: note: in expansion of macro ‘FOFS’
   37 |         {"decel", FOFS(decel), F_FLOAT},
      |                   ^~~~
g_local.h:664:17: warning: cast from pointer to integer of different size [-Wpointer-to-int-cast]
  664 | #define FOFS(x) (int)&(((edict_t *)0)->x)
      |                 ^
g_save.c:38:20: note: in expansion of macro ‘FOFS’
   38 |         {"target", FOFS(target), F_LSTRING},
      |                    ^~~~
g_local.h:664:17: warning: cast from pointer to integer of different size [-Wpointer-to-int-cast]
  664 | #define FOFS(x) (int)&(((edict_t *)0)->x)
      |                 ^
g_save.c:39:24: note: in expansion of macro ‘FOFS’
   39 |         {"targetname", FOFS(targetname), F_LSTRING},
      |                        ^~~~
g_local.h:664:17: warning: cast from pointer to integer of different size [-Wpointer-to-int-cast]
  664 | #define FOFS(x) (int)&(((edict_t *)0)->x)
      |                 ^
g_save.c:40:24: note: in expansion of macro ‘FOFS’
   40 |         {"pathtarget", FOFS(pathtarget), F_LSTRING},
      |                        ^~~~
g_local.h:664:17: warning: cast from pointer to integer of different size [-Wpointer-to-int-cast]
  664 | #define FOFS(x) (int)&(((edict_t *)0)->x)
      |                 ^
g_save.c:41:25: note: in expansion of macro ‘FOFS’
   41 |         {"deathtarget", FOFS(deathtarget), F_LSTRING},
      |                         ^~~~
g_local.h:664:17: warning: cast from pointer to integer of different size [-Wpointer-to-int-cast]
  664 | #define FOFS(x) (int)&(((edict_t *)0)->x)
      |                 ^
g_save.c:42:24: note: in expansion of macro ‘FOFS’
   42 |         {"killtarget", FOFS(killtarget), F_LSTRING},
      |                        ^~~~
g_local.h:664:17: warning: cast from pointer to integer of different size [-Wpointer-to-int-cast]
  664 | #define FOFS(x) (int)&(((edict_t *)0)->x)
      |                 ^
g_save.c:43:26: note: in expansion of macro ‘FOFS’
   43 |         {"combattarget", FOFS(combattarget), F_LSTRING},
      |                          ^~~~
g_local.h:664:17: warning: cast from pointer to integer of different size [-Wpointer-to-int-cast]
  664 | #define FOFS(x) (int)&(((edict_t *)0)->x)
      |                 ^
g_save.c:44:21: note: in expansion of macro ‘FOFS’
   44 |         {"message", FOFS(message), F_LSTRING},
      |                     ^~~~
g_local.h:664:17: warning: cast from pointer to integer of different size [-Wpointer-to-int-cast]
  664 | #define FOFS(x) (int)&(((edict_t *)0)->x)
      |                 ^
g_save.c:45:18: note: in expansion of macro ‘FOFS’
   45 |         {"team", FOFS(team), F_LSTRING},
      |                  ^~~~
g_local.h:664:17: warning: cast from pointer to integer of different size [-Wpointer-to-int-cast]
  664 | #define FOFS(x) (int)&(((edict_t *)0)->x)
      |                 ^
g_save.c:47:23: note: in expansion of macro ‘FOFS’
   47 |         {"ammo_type", FOFS(killtarget), F_LSTRING},//turret
      |                       ^~~~
g_local.h:664:17: warning: cast from pointer to integer of different size [-Wpointer-to-int-cast]
  664 | #define FOFS(x) (int)&(((edict_t *)0)->x)
      |                 ^
g_save.c:48:24: note: in expansion of macro ‘FOFS’
   48 |         {"fire_sound", FOFS(obj_name), F_LSTRING},//turret
      |                        ^~~~
g_local.h:664:17: warning: cast from pointer to integer of different size [-Wpointer-to-int-cast]
  664 | #define FOFS(x) (int)&(((edict_t *)0)->x)
      |                 ^
g_save.c:50:18: note: in expansion of macro ‘FOFS’
   50 |         {"wait", FOFS(wait), F_FLOAT},
      |                  ^~~~
g_local.h:664:17: warning: cast from pointer to integer of different size [-Wpointer-to-int-cast]
  664 | #define FOFS(x) (int)&(((edict_t *)0)->x)
      |                 ^
g_save.c:51:19: note: in expansion of macro ‘FOFS’
   51 |         {"delay", FOFS(delay), F_FLOAT},
      |                   ^~~~
g_local.h:664:17: warning: cast from pointer to integer of different size [-Wpointer-to-int-cast]
  664 | #define FOFS(x) (int)&(((edict_t *)0)->x)
      |                 ^
g_save.c:52:20: note: in expansion of macro ‘FOFS’
   52 |         {"random", FOFS(random), F_FLOAT},
      |                    ^~~~
g_local.h:664:17: warning: cast from pointer to integer of different size [-Wpointer-to-int-cast]
  664 | #define FOFS(x) (int)&(((edict_t *)0)->x)
      |                 ^
g_save.c:54:18: note: in expansion of macro ‘FOFS’
   54 |         {"rate", FOFS(pain_debounce_time), F_FLOAT},//turret
      |                  ^~~~
g_local.h:664:17: warning: cast from pointer to integer of different size [-Wpointer-to-int-cast]
  664 | #define FOFS(x) (int)&(((edict_t *)0)->x)
      |                 ^
g_save.c:56:25: note: in expansion of macro ‘FOFS’
   56 |         {"move_origin", FOFS(move_origin), F_VECTOR},
      |                         ^~~~
g_local.h:664:17: warning: cast from pointer to integer of different size [-Wpointer-to-int-cast]
  664 | #define FOFS(x) (int)&(((edict_t *)0)->x)
      |                 ^
g_save.c:57:25: note: in expansion of macro ‘FOFS’
   57 |         {"move_angles", FOFS(move_angles), F_VECTOR},
      |                         ^~~~
g_local.h:664:17: warning: cast from pointer to integer of different size [-Wpointer-to-int-cast]
  664 | #define FOFS(x) (int)&(((edict_t *)0)->x)
      |                 ^
g_save.c:58:19: note: in expansion of macro ‘FOFS’
   58 |         {"style", FOFS(style), F_INT},
      |                   ^~~~
g_local.h:664:17: warning: cast from pointer to integer of different size [-Wpointer-to-int-cast]
  664 | #define FOFS(x) (int)&(((edict_t *)0)->x)
      |                 ^
g_save.c:59:19: note: in expansion of macro ‘FOFS’
   59 |         {"count", FOFS(count), F_INT},
      |                   ^~~~
g_local.h:664:17: warning: cast from pointer to integer of different size [-Wpointer-to-int-cast]
  664 | #define FOFS(x) (int)&(((edict_t *)0)->x)
      |                 ^
g_save.c:60:20: note: in expansion of macro ‘FOFS’
   60 |         {"health", FOFS(health), F_INT},
      |                    ^~~~
g_local.h:664:17: warning: cast from pointer to integer of different size [-Wpointer-to-int-cast]
  664 | #define FOFS(x) (int)&(((edict_t *)0)->x)
      |                 ^
g_save.c:61:20: note: in expansion of macro ‘FOFS’
   61 |         {"sounds", FOFS(sounds), F_INT},
      |                    ^~~~
g_local.h:664:17: warning: cast from pointer to integer of different size [-Wpointer-to-int-cast]
  664 | #define FOFS(x) (int)&(((edict_t *)0)->x)
      |                 ^
g_save.c:63:17: note: in expansion of macro ‘FOFS’
   63 |         {"dmg", FOFS(dmg), F_INT},
      |                 ^~~~
g_local.h:664:17: warning: cast from pointer to integer of different size [-Wpointer-to-int-cast]
  664 | #define FOFS(x) (int)&(((edict_t *)0)->x)
      |                 ^
g_save.c:65:24: note: in expansion of macro ‘FOFS’
   65 |         {"ammo_speed", FOFS(numfired), F_INT},
      |                        ^~~~
g_local.h:664:17: warning: cast from pointer to integer of different size [-Wpointer-to-int-cast]
  664 | #define FOFS(x) (int)&(((edict_t *)0)->x)
      |                 ^
g_save.c:66:20: note: in expansion of macro ‘FOFS’
   66 |         {"angles", FOFS(s.angles), F_VECTOR},
      |                    ^~~~
g_local.h:664:17: warning: cast from pointer to integer of different size [-Wpointer-to-int-cast]
  664 | #define FOFS(x) (int)&(((edict_t *)0)->x)
      |                 ^
g_save.c:67:19: note: in expansion of macro ‘FOFS’
   67 |         {"angle", FOFS(s.angles), F_ANGLEHACK},
      |                   ^~~~
g_local.h:664:17: warning: cast from pointer to integer of different size [-Wpointer-to-int-cast]
  664 | #define FOFS(x) (int)&(((edict_t *)0)->x)
      |                 ^
g_save.c:68:18: note: in expansion of macro ‘FOFS’
   68 |         {"mass", FOFS(mass), F_INT},
      |                  ^~~~
g_local.h:664:17: warning: cast from pointer to integer of different size [-Wpointer-to-int-cast]
  664 | #define FOFS(x) (int)&(((edict_t *)0)->x)
      |                 ^
g_save.c:69:20: note: in expansion of macro ‘FOFS’
   69 |         {"volume", FOFS(volume), F_FLOAT},
      |                    ^~~~
g_local.h:664:17: warning: cast from pointer to integer of different size [-Wpointer-to-int-cast]
  664 | #define FOFS(x) (int)&(((edict_t *)0)->x)
      |                 ^
g_save.c:70:25: note: in expansion of macro ‘FOFS’
   70 |         {"attenuation", FOFS(attenuation), F_FLOAT},
      |                         ^~~~
g_local.h:664:17: warning: cast from pointer to integer of different size [-Wpointer-to-int-cast]
  664 | #define FOFS(x) (int)&(((edict_t *)0)->x)
      |                 ^
g_save.c:71:17: note: in expansion of macro ‘FOFS’
   71 |         {"map", FOFS(map), F_LSTRING},
      |                 ^~~~
g_local.h:664:17: warning: cast from pointer to integer of different size [-Wpointer-to-int-cast]
  664 | #define FOFS(x) (int)&(((edict_t *)0)->x)
      |                 ^
g_save.c:73:19: note: in expansion of macro ‘FOFS’
   73 |         {"kills", FOFS(dmg), F_INT},
      |                   ^~~~
g_local.h:664:17: warning: cast from pointer to integer of different size [-Wpointer-to-int-cast]
  664 | #define FOFS(x) (int)&(((edict_t *)0)->x)
      |                 ^
g_save.c:74:20: note: in expansion of macro ‘FOFS’
   74 |         {"points", FOFS(health), F_INT},
      |                    ^~~~
g_local.h:664:17: warning: cast from pointer to integer of different size [-Wpointer-to-int-cast]
  664 | #define FOFS(x) (int)&(((edict_t *)0)->x)
      |                 ^
g_save.c:76:22: note: in expansion of macro ‘FOFS’
   76 |         {"botfiles", FOFS(deathtarget), F_LSTRING},//turret
      |                      ^~~~
g_local.h:664:17: warning: cast from pointer to integer of different size [-Wpointer-to-int-cast]
  664 | #define FOFS(x) (int)&(((edict_t *)0)->x)
      |                 ^
g_save.c:88:19: note: in expansion of macro ‘FOFS’
   88 |         {"frames",FOFS(mass),F_INT},//faf:  for animated misc_md2
      |                   ^~~~
g_local.h:664:17: warning: cast from pointer to integer of different size [-Wpointer-to-int-cast]
  664 | #define FOFS(x) (int)&(((edict_t *)0)->x)
      |                 ^
g_save.c:93:16: note: in expansion of macro ‘FOFS’
   93 |         {"md2",FOFS(pathtarget),F_LSTRING},//faf: turret md2s
      |                ^~~~
g_local.h:664:17: warning: cast from pointer to integer of different size [-Wpointer-to-int-cast]
  664 | #define FOFS(x) (int)&(((edict_t *)0)->x)
      |                 ^
g_save.c:95:20: note: in expansion of macro ‘FOFS’
   95 |         {"stance", FOFS(sounds), F_INT}, //turret: forces stance stanceflags
      |                    ^~~~
g_local.h:664:17: warning: cast from pointer to integer of different size [-Wpointer-to-int-cast]
  664 | #define FOFS(x) (int)&(((edict_t *)0)->x)
      |                 ^
g_save.c:96:17: note: in expansion of macro ‘FOFS’
   96 |         {"tank",FOFS(obj_gain),F_INT},//turret:  tank 1 will make player disappear
      |                 ^~~~
g_local.h:664:17: warning: cast from pointer to integer of different size [-Wpointer-to-int-cast]
  664 | #define FOFS(x) (int)&(((edict_t *)0)->x)
      |                 ^
g_save.c:99:17: note: in expansion of macro ‘FOFS’
   99 |         {"skin",FOFS(deathtarget),F_LSTRING},//faf: for custom skins, mapper sets this in info_team_start
      |                 ^~~~
g_local.h:664:17: warning: cast from pointer to integer of different size [-Wpointer-to-int-cast]
  664 | #define FOFS(x) (int)&(((edict_t *)0)->x)
      |                 ^
g_save.c:101:17: note: in expansion of macro ‘FOFS’
  101 |         {"min", FOFS(move_origin), F_VECTOR},
      |                 ^~~~
g_local.h:664:17: warning: cast from pointer to integer of different size [-Wpointer-to-int-cast]
  664 | #define FOFS(x) (int)&(((edict_t *)0)->x)
      |                 ^
g_save.c:102:17: note: in expansion of macro ‘FOFS’
  102 |         {"max", FOFS(move_angles), F_VECTOR},//faf:  for spawn_protect
      |                 ^~~~
g_local.h:664:17: warning: cast from pointer to integer of different size [-Wpointer-to-int-cast]
  664 | #define FOFS(x) (int)&(((edict_t *)0)->x)
      |                 ^
g_save.c:105:17: note: in expansion of macro ‘FOFS’
  105 |         {"guns",FOFS(health),F_INT},
      |                 ^~~~
g_local.h:664:17: warning: cast from pointer to integer of different size [-Wpointer-to-int-cast]
  664 | #define FOFS(x) (int)&(((edict_t *)0)->x)
      |                 ^
g_save.c:106:18: note: in expansion of macro ‘FOFS’
  106 |         {"volly",FOFS(sounds),F_INT},
      |                  ^~~~
g_local.h:664:17: warning: cast from pointer to integer of different size [-Wpointer-to-int-cast]
  664 | #define FOFS(x) (int)&(((edict_t *)0)->x)
      |                 ^
g_save.c:107:23: note: in expansion of macro ‘FOFS’
  107 |         {"round_type",FOFS(mass),F_INT},
      |                       ^~~~
g_local.h:664:17: warning: cast from pointer to integer of different size [-Wpointer-to-int-cast]
  664 | #define FOFS(x) (int)&(((edict_t *)0)->x)
      |                 ^
g_save.c:109:23: note: in expansion of macro ‘FOFS’
  109 |         {"firing_bat",FOFS(count),F_INT},
      |                       ^~~~
g_local.h:664:17: warning: cast from pointer to integer of different size [-Wpointer-to-int-cast]
  664 | #define FOFS(x) (int)&(((edict_t *)0)->x)
      |                 ^
g_save.c:110:25: note: in expansion of macro ‘FOFS’
  110 |         {"time_to_fire",FOFS(health),F_INT},
      |                         ^~~~
g_local.h:664:17: warning: cast from pointer to integer of different size [-Wpointer-to-int-cast]
  664 | #define FOFS(x) (int)&(((edict_t *)0)->x)
      |                 ^
g_save.c:111:21: note: in expansion of macro ‘FOFS’
  111 |         {"accuracy",FOFS(dmg),F_INT},
      |                     ^~~~
g_local.h:664:17: warning: cast from pointer to integer of different size [-Wpointer-to-int-cast]
  664 | #define FOFS(x) (int)&(((edict_t *)0)->x)
      |                 ^
g_save.c:112:24: note: in expansion of macro ‘FOFS’
  112 |         {"strike_type",FOFS(mass),F_INT},
      |                        ^~~~
g_local.h:664:17: warning: cast from pointer to integer of different size [-Wpointer-to-int-cast]
  664 | #define FOFS(x) (int)&(((edict_t *)0)->x)
      |                 ^
g_save.c:114:25: note: in expansion of macro ‘FOFS’
  114 |         {"turret_sound",FOFS(map), F_LSTRING},
      |                         ^~~~
g_local.h:664:17: warning: cast from pointer to integer of different size [-Wpointer-to-int-cast]
  664 | #define FOFS(x) (int)&(((edict_t *)0)->x)
      |                 ^
g_save.c:118:20: note: in expansion of macro ‘FOFS’
  118 |         {"nextmap",FOFS(map), F_LSTRING},
      |                    ^~~~
g_local.h:664:17: warning: cast from pointer to integer of different size [-Wpointer-to-int-cast]
  664 | #define FOFS(x) (int)&(((edict_t *)0)->x)
      |                 ^
g_save.c:119:17: note: in expansion of macro ‘FOFS’
  119 |         {"map1",FOFS(map), F_LSTRING},
      |                 ^~~~
g_local.h:664:17: warning: cast from pointer to integer of different size [-Wpointer-to-int-cast]
  664 | #define FOFS(x) (int)&(((edict_t *)0)->x)
      |                 ^
g_save.c:120:18: note: in expansion of macro ‘FOFS’
  120 |         {"team1",FOFS(dmg), F_INT},
      |                  ^~~~
g_local.h:664:17: warning: cast from pointer to integer of different size [-Wpointer-to-int-cast]
  664 | #define FOFS(x) (int)&(((edict_t *)0)->x)
      |                 ^
g_save.c:121:17: note: in expansion of macro ‘FOFS’
  121 |         {"map2",FOFS(classname), F_LSTRING},
      |                 ^~~~
g_local.h:664:17: warning: cast from pointer to integer of different size [-Wpointer-to-int-cast]
  664 | #define FOFS(x) (int)&(((edict_t *)0)->x)
      |                 ^
g_save.c:122:18: note: in expansion of macro ‘FOFS’
  122 |         {"team2",FOFS(mass),F_INT},
      |                  ^~~~
g_local.h:665:18: warning: cast from pointer to integer of different size [-Wpointer-to-int-cast]
  665 | #define STOFS(x) (int)&(((spawn_temp_t *)0)->x)
      |                  ^
g_save.c:124:17: note: in expansion of macro ‘STOFS’
  124 |         {"lip", STOFS(lip), F_INT, FFL_SPAWNTEMP},
      |                 ^~~~~
g_local.h:665:18: warning: cast from pointer to integer of different size [-Wpointer-to-int-cast]
  665 | #define STOFS(x) (int)&(((spawn_temp_t *)0)->x)
      |                  ^
g_save.c:125:22: note: in expansion of macro ‘STOFS’
  125 |         {"distance", STOFS(distance), F_INT, FFL_SPAWNTEMP},
      |                      ^~~~~
g_local.h:665:18: warning: cast from pointer to integer of different size [-Wpointer-to-int-cast]
  665 | #define STOFS(x) (int)&(((spawn_temp_t *)0)->x)
      |                  ^
g_save.c:126:20: note: in expansion of macro ‘STOFS’
  126 |         {"height", STOFS(height), F_INT, FFL_SPAWNTEMP},
      |                    ^~~~~
g_local.h:665:18: warning: cast from pointer to integer of different size [-Wpointer-to-int-cast]
  665 | #define STOFS(x) (int)&(((spawn_temp_t *)0)->x)
      |                  ^
g_save.c:127:19: note: in expansion of macro ‘STOFS’
  127 |         {"noise", STOFS(noise), F_LSTRING, FFL_SPAWNTEMP},
      |                   ^~~~~
g_local.h:665:18: warning: cast from pointer to integer of different size [-Wpointer-to-int-cast]
  665 | #define STOFS(x) (int)&(((spawn_temp_t *)0)->x)
      |                  ^
g_save.c:128:23: note: in expansion of macro ‘STOFS’
  128 |         {"pausetime", STOFS(pausetime), F_FLOAT, FFL_SPAWNTEMP},
      |                       ^~~~~
g_local.h:665:18: warning: cast from pointer to integer of different size [-Wpointer-to-int-cast]
  665 | #define STOFS(x) (int)&(((spawn_temp_t *)0)->x)
      |                  ^
g_save.c:129:18: note: in expansion of macro ‘STOFS’
  129 |         {"item", STOFS(item), F_LSTRING, FFL_SPAWNTEMP},
      |                  ^~~~~
g_local.h:665:18: warning: cast from pointer to integer of different size [-Wpointer-to-int-cast]
  665 | #define STOFS(x) (int)&(((spawn_temp_t *)0)->x)
      |                  ^
g_save.c:130:21: note: in expansion of macro ‘STOFS’
  130 |         {"gravity", STOFS(gravity), F_LSTRING, FFL_SPAWNTEMP},
      |                     ^~~~~
g_local.h:665:18: warning: cast from pointer to integer of different size [-Wpointer-to-int-cast]
  665 | #define STOFS(x) (int)&(((spawn_temp_t *)0)->x)
      |                  ^
g_save.c:131:17: note: in expansion of macro ‘STOFS’
  131 |         {"sky", STOFS(sky), F_LSTRING, FFL_SPAWNTEMP},
      |                 ^~~~~
g_local.h:665:18: warning: cast from pointer to integer of different size [-Wpointer-to-int-cast]
  665 | #define STOFS(x) (int)&(((spawn_temp_t *)0)->x)
      |                  ^
g_save.c:132:23: note: in expansion of macro ‘STOFS’
  132 |         {"skyrotate", STOFS(skyrotate), F_FLOAT, FFL_SPAWNTEMP},
      |                       ^~~~~
g_local.h:665:18: warning: cast from pointer to integer of different size [-Wpointer-to-int-cast]
  665 | #define STOFS(x) (int)&(((spawn_temp_t *)0)->x)
      |                  ^
g_save.c:133:21: note: in expansion of macro ‘STOFS’
  133 |         {"skyaxis", STOFS(skyaxis), F_VECTOR, FFL_SPAWNTEMP},
      |                     ^~~~~
g_local.h:665:18: warning: cast from pointer to integer of different size [-Wpointer-to-int-cast]
  665 | #define STOFS(x) (int)&(((spawn_temp_t *)0)->x)
      |                  ^
g_save.c:134:20: note: in expansion of macro ‘STOFS’
  134 |         {"minyaw", STOFS(minyaw), F_FLOAT, FFL_SPAWNTEMP},
      |                    ^~~~~
g_local.h:665:18: warning: cast from pointer to integer of different size [-Wpointer-to-int-cast]
  665 | #define STOFS(x) (int)&(((spawn_temp_t *)0)->x)
      |                  ^
g_save.c:135:20: note: in expansion of macro ‘STOFS’
  135 |         {"maxyaw", STOFS(maxyaw), F_FLOAT, FFL_SPAWNTEMP},
      |                    ^~~~~
g_local.h:665:18: warning: cast from pointer to integer of different size [-Wpointer-to-int-cast]
  665 | #define STOFS(x) (int)&(((spawn_temp_t *)0)->x)
      |                  ^
g_save.c:136:22: note: in expansion of macro ‘STOFS’
  136 |         {"minpitch", STOFS(minpitch), F_FLOAT, FFL_SPAWNTEMP},
      |                      ^~~~~
g_local.h:665:18: warning: cast from pointer to integer of different size [-Wpointer-to-int-cast]
  665 | #define STOFS(x) (int)&(((spawn_temp_t *)0)->x)
      |                  ^
g_save.c:137:22: note: in expansion of macro ‘STOFS’
  137 |         {"maxpitch", STOFS(maxpitch), F_FLOAT, FFL_SPAWNTEMP},
      |                      ^~~~~
g_local.h:665:18: warning: cast from pointer to integer of different size [-Wpointer-to-int-cast]
  665 | #define STOFS(x) (int)&(((spawn_temp_t *)0)->x)
      |                  ^
g_save.c:138:21: note: in expansion of macro ‘STOFS’
  138 |         {"nextmap", STOFS(nextmap), F_LSTRING, FFL_SPAWNTEMP},
      |                     ^~~~~
g_local.h:664:17: warning: cast from pointer to integer of different size [-Wpointer-to-int-cast]
  664 | #define FOFS(x) (int)&(((edict_t *)0)->x)
      |                 ^
g_save.c:140:16: note: in expansion of macro ‘FOFS’
  140 |         {"dll",FOFS(pathtarget),F_LSTRING},
      |                ^~~~
g_local.h:664:17: warning: cast from pointer to integer of different size [-Wpointer-to-int-cast]
  664 | #define FOFS(x) (int)&(((edict_t *)0)->x)
      |                 ^
g_save.c:141:21: note: in expansion of macro ‘FOFS’
  141 |         {"obj_name",FOFS(obj_name),F_LSTRING},
      |                     ^~~~
g_local.h:664:17: warning: cast from pointer to integer of different size [-Wpointer-to-int-cast]
  664 | #define FOFS(x) (int)&(((edict_t *)0)->x)
      |                 ^
g_save.c:142:21: note: in expansion of macro ‘FOFS’
  142 |         {"obj_area",FOFS(obj_area),F_FLOAT},
      |                     ^~~~
g_local.h:664:17: warning: cast from pointer to integer of different size [-Wpointer-to-int-cast]
  664 | #define FOFS(x) (int)&(((edict_t *)0)->x)
      |                 ^
g_save.c:143:21: note: in expansion of macro ‘FOFS’
  143 |         {"obj_time",FOFS(obj_time),F_FLOAT},
      |                     ^~~~
g_local.h:664:17: warning: cast from pointer to integer of different size [-Wpointer-to-int-cast]
  664 | #define FOFS(x) (int)&(((edict_t *)0)->x)
      |                 ^
g_save.c:144:22: note: in expansion of macro ‘FOFS’
  144 |         {"obj_owner",FOFS(obj_owner),F_INT},//pointer to who currently owns target
      |                      ^~~~
g_local.h:664:17: warning: cast from pointer to integer of different size [-Wpointer-to-int-cast]
  664 | #define FOFS(x) (int)&(((edict_t *)0)->x)
      |                 ^
g_save.c:145:21: note: in expansion of macro ‘FOFS’
  145 |         {"obj_gain",FOFS(obj_gain),F_INT},
      |                     ^~~~
g_local.h:664:17: warning: cast from pointer to integer of different size [-Wpointer-to-int-cast]
  664 | #define FOFS(x) (int)&(((edict_t *)0)->x)
      |                 ^
g_save.c:146:21: note: in expansion of macro ‘FOFS’
  146 |         {"obj_loss",FOFS(obj_loss),F_INT},
      |                     ^~~~
g_local.h:664:17: warning: cast from pointer to integer of different size [-Wpointer-to-int-cast]
  664 | #define FOFS(x) (int)&(((edict_t *)0)->x)
      |                 ^
g_save.c:147:22: note: in expansion of macro ‘FOFS’
  147 |         {"obj_count",FOFS(obj_count),F_INT},
      |                      ^~~~
g_local.h:664:17: warning: cast from pointer to integer of different size [-Wpointer-to-int-cast]
  664 | #define FOFS(x) (int)&(((edict_t *)0)->x)
      |                 ^
g_save.c:148:27: note: in expansion of macro ‘FOFS’
  148 |         {"obj_perm_owner",FOFS(obj_perm_owner),F_INT},
      |                           ^~~~
g_local.h:664:17: warning: cast from pointer to integer of different size [-Wpointer-to-int-cast]
  664 | #define FOFS(x) (int)&(((edict_t *)0)->x)
      |                 ^
g_save.c:150:18: note: in expansion of macro ‘FOFS’
  150 |         {"chute",FOFS(obj_count),F_INT},
      |                  ^~~~
g_local.h:665:18: warning: cast from pointer to integer of different size [-Wpointer-to-int-cast]
  665 | #define STOFS(x) (int)&(((spawn_temp_t *)0)->x)
      |                  ^
g_save.c:152:20: note: in expansion of macro ‘STOFS’
  152 |         {"weight", STOFS(weight), F_INT, FFL_SPAWNTEMP},//JABot
      |                    ^~~~~
g_local.h:664:17: warning: cast from pointer to integer of different size [-Wpointer-to-int-cast]
  664 | #define FOFS(x) (int)&(((edict_t *)0)->x)
      |                 ^
g_save.c:154:23: note: in expansion of macro ‘FOFS’
  154 |         {"fullbright",FOFS(groundentity_linkcount),F_INT},
      |                       ^~~~
g_local.h:664:17: warning: cast from pointer to integer of different size [-Wpointer-to-int-cast]
  664 | #define FOFS(x) (int)&(((edict_t *)0)->x)
      |                 ^
g_save.c:155:16: note: in expansion of macro ‘FOFS’
  155 |         {"fog",FOFS(teleport_time),F_FLOAT},
      |                ^~~~
g_local.h:664:17: warning: cast from pointer to integer of different size [-Wpointer-to-int-cast]
  664 | #define FOFS(x) (int)&(((edict_t *)0)->x)
      |                 ^
g_save.c:156:24: note: in expansion of macro ‘FOFS’
  156 |         {"obj_origin", FOFS(obj_origin), F_VECTOR}
      |                        ^~~~
g_local.h:664:17: warning: cast from pointer to integer of different size [-Wpointer-to-int-cast]
  664 | #define FOFS(x) (int)&(((edict_t *)0)->x)
      |                 ^
g_save.c:173:14: note: in expansion of macro ‘FOFS’
  173 |         {"", FOFS(classname), F_LSTRING},
      |              ^~~~
g_local.h:664:17: warning: cast from pointer to integer of different size [-Wpointer-to-int-cast]
  664 | #define FOFS(x) (int)&(((edict_t *)0)->x)
      |                 ^
g_save.c:174:14: note: in expansion of macro ‘FOFS’
  174 |         {"", FOFS(target), F_LSTRING},
      |              ^~~~
g_local.h:664:17: warning: cast from pointer to integer of different size [-Wpointer-to-int-cast]
  664 | #define FOFS(x) (int)&(((edict_t *)0)->x)
      |                 ^
g_save.c:175:14: note: in expansion of macro ‘FOFS’
  175 |         {"", FOFS(targetname), F_LSTRING},
      |              ^~~~
g_local.h:664:17: warning: cast from pointer to integer of different size [-Wpointer-to-int-cast]
  664 | #define FOFS(x) (int)&(((edict_t *)0)->x)
      |                 ^
g_save.c:176:14: note: in expansion of macro ‘FOFS’
  176 |         {"", FOFS(killtarget), F_LSTRING},
      |              ^~~~
g_local.h:664:17: warning: cast from pointer to integer of different size [-Wpointer-to-int-cast]
  664 | #define FOFS(x) (int)&(((edict_t *)0)->x)
      |                 ^
g_save.c:177:14: note: in expansion of macro ‘FOFS’
  177 |         {"", FOFS(team), F_LSTRING},
      |              ^~~~
g_local.h:664:17: warning: cast from pointer to integer of different size [-Wpointer-to-int-cast]
  664 | #define FOFS(x) (int)&(((edict_t *)0)->x)
      |                 ^
g_save.c:178:14: note: in expansion of macro ‘FOFS’
  178 |         {"", FOFS(pathtarget), F_LSTRING},
      |              ^~~~
g_local.h:664:17: warning: cast from pointer to integer of different size [-Wpointer-to-int-cast]
  664 | #define FOFS(x) (int)&(((edict_t *)0)->x)
      |                 ^
g_save.c:179:14: note: in expansion of macro ‘FOFS’
  179 |         {"", FOFS(deathtarget), F_LSTRING},
      |              ^~~~
g_local.h:664:17: warning: cast from pointer to integer of different size [-Wpointer-to-int-cast]
  664 | #define FOFS(x) (int)&(((edict_t *)0)->x)
      |                 ^
g_save.c:180:14: note: in expansion of macro ‘FOFS’
  180 |         {"", FOFS(combattarget), F_LSTRING},
      |              ^~~~
g_local.h:664:17: warning: cast from pointer to integer of different size [-Wpointer-to-int-cast]
  664 | #define FOFS(x) (int)&(((edict_t *)0)->x)
      |                 ^
g_save.c:181:14: note: in expansion of macro ‘FOFS’
  181 |         {"", FOFS(model), F_LSTRING},
      |              ^~~~
g_local.h:664:17: warning: cast from pointer to integer of different size [-Wpointer-to-int-cast]
  664 | #define FOFS(x) (int)&(((edict_t *)0)->x)
      |                 ^
g_save.c:182:14: note: in expansion of macro ‘FOFS’
  182 |         {"", FOFS(map), F_LSTRING},
      |              ^~~~
g_local.h:664:17: warning: cast from pointer to integer of different size [-Wpointer-to-int-cast]
  664 | #define FOFS(x) (int)&(((edict_t *)0)->x)
      |                 ^
g_save.c:183:14: note: in expansion of macro ‘FOFS’
  183 |         {"", FOFS(message), F_LSTRING},
      |              ^~~~
g_local.h:664:17: warning: cast from pointer to integer of different size [-Wpointer-to-int-cast]
  664 | #define FOFS(x) (int)&(((edict_t *)0)->x)
      |                 ^
g_save.c:185:14: note: in expansion of macro ‘FOFS’
  185 |         {"", FOFS(client), F_CLIENT},
      |              ^~~~
g_local.h:664:17: warning: cast from pointer to integer of different size [-Wpointer-to-int-cast]
  664 | #define FOFS(x) (int)&(((edict_t *)0)->x)
      |                 ^
g_save.c:186:14: note: in expansion of macro ‘FOFS’
  186 |         {"", FOFS(item), F_ITEM},
      |              ^~~~
g_local.h:664:17: warning: cast from pointer to integer of different size [-Wpointer-to-int-cast]
  664 | #define FOFS(x) (int)&(((edict_t *)0)->x)
      |                 ^
g_save.c:188:14: note: in expansion of macro ‘FOFS’
  188 |         {"", FOFS(goalentity), F_EDICT},
      |              ^~~~
g_local.h:664:17: warning: cast from pointer to integer of different size [-Wpointer-to-int-cast]
  664 | #define FOFS(x) (int)&(((edict_t *)0)->x)
      |                 ^
g_save.c:189:14: note: in expansion of macro ‘FOFS’
  189 |         {"", FOFS(movetarget), F_EDICT},
      |              ^~~~
g_local.h:664:17: warning: cast from pointer to integer of different size [-Wpointer-to-int-cast]
  664 | #define FOFS(x) (int)&(((edict_t *)0)->x)
      |                 ^
g_save.c:190:14: note: in expansion of macro ‘FOFS’
  190 |         {"", FOFS(enemy), F_EDICT},
      |              ^~~~
g_local.h:664:17: warning: cast from pointer to integer of different size [-Wpointer-to-int-cast]
  664 | #define FOFS(x) (int)&(((edict_t *)0)->x)
      |                 ^
g_save.c:191:14: note: in expansion of macro ‘FOFS’
  191 |         {"", FOFS(oldenemy), F_EDICT},
      |              ^~~~
g_local.h:664:17: warning: cast from pointer to integer of different size [-Wpointer-to-int-cast]
  664 | #define FOFS(x) (int)&(((edict_t *)0)->x)
      |                 ^
g_save.c:192:14: note: in expansion of macro ‘FOFS’
  192 |         {"", FOFS(activator), F_EDICT},
      |              ^~~~
g_local.h:664:17: warning: cast from pointer to integer of different size [-Wpointer-to-int-cast]
  664 | #define FOFS(x) (int)&(((edict_t *)0)->x)
      |                 ^
g_save.c:193:14: note: in expansion of macro ‘FOFS’
  193 |         {"", FOFS(groundentity), F_EDICT},
      |              ^~~~
g_local.h:664:17: warning: cast from pointer to integer of different size [-Wpointer-to-int-cast]
  664 | #define FOFS(x) (int)&(((edict_t *)0)->x)
      |                 ^
g_save.c:194:14: note: in expansion of macro ‘FOFS’
  194 |         {"", FOFS(teamchain), F_EDICT},
      |              ^~~~
g_local.h:664:17: warning: cast from pointer to integer of different size [-Wpointer-to-int-cast]
  664 | #define FOFS(x) (int)&(((edict_t *)0)->x)
      |                 ^
g_save.c:195:14: note: in expansion of macro ‘FOFS’
  195 |         {"", FOFS(teammaster), F_EDICT},
      |              ^~~~
g_local.h:664:17: warning: cast from pointer to integer of different size [-Wpointer-to-int-cast]
  664 | #define FOFS(x) (int)&(((edict_t *)0)->x)
      |                 ^
g_save.c:196:14: note: in expansion of macro ‘FOFS’
  196 |         {"", FOFS(owner), F_EDICT},
      |              ^~~~
g_local.h:664:17: warning: cast from pointer to integer of different size [-Wpointer-to-int-cast]
  664 | #define FOFS(x) (int)&(((edict_t *)0)->x)
      |                 ^
g_save.c:197:14: note: in expansion of macro ‘FOFS’
  197 |         {"", FOFS(mynoise), F_EDICT},
      |              ^~~~
g_local.h:664:17: warning: cast from pointer to integer of different size [-Wpointer-to-int-cast]
  664 | #define FOFS(x) (int)&(((edict_t *)0)->x)
      |                 ^
g_save.c:198:14: note: in expansion of macro ‘FOFS’
  198 |         {"", FOFS(mynoise2), F_EDICT},
      |              ^~~~
g_local.h:664:17: warning: cast from pointer to integer of different size [-Wpointer-to-int-cast]
  664 | #define FOFS(x) (int)&(((edict_t *)0)->x)
      |                 ^
g_save.c:199:14: note: in expansion of macro ‘FOFS’
  199 |         {"", FOFS(target_ent), F_EDICT},
      |              ^~~~
g_local.h:664:17: warning: cast from pointer to integer of different size [-Wpointer-to-int-cast]
  664 | #define FOFS(x) (int)&(((edict_t *)0)->x)
      |                 ^
g_save.c:200:14: note: in expansion of macro ‘FOFS’
  200 |         {"", FOFS(chain), F_EDICT},
      |              ^~~~
g_local.h:666:18: warning: cast from pointer to integer of different size [-Wpointer-to-int-cast]
  666 | #define LLOFS(x) (int)&(((level_locals_t *)0)->x)
      |                  ^
g_save.c:207:14: note: in expansion of macro ‘LLOFS’
  207 |         {"", LLOFS(changemap), F_LSTRING},
      |              ^~~~~
g_local.h:666:18: warning: cast from pointer to integer of different size [-Wpointer-to-int-cast]
  666 | #define LLOFS(x) (int)&(((level_locals_t *)0)->x)
      |                  ^
g_save.c:209:14: note: in expansion of macro ‘LLOFS’
  209 |         {"", LLOFS(sight_client), F_EDICT},
      |              ^~~~~
g_local.h:666:18: warning: cast from pointer to integer of different size [-Wpointer-to-int-cast]
  666 | #define LLOFS(x) (int)&(((level_locals_t *)0)->x)
      |                  ^
g_save.c:210:14: note: in expansion of macro ‘LLOFS’
  210 |         {"", LLOFS(sight_entity), F_EDICT},
      |              ^~~~~
g_local.h:666:18: warning: cast from pointer to integer of different size [-Wpointer-to-int-cast]
  666 | #define LLOFS(x) (int)&(((level_locals_t *)0)->x)
      |                  ^
g_save.c:211:14: note: in expansion of macro ‘LLOFS’
  211 |         {"", LLOFS(sound_entity), F_EDICT},
      |              ^~~~~
g_local.h:666:18: warning: cast from pointer to integer of different size [-Wpointer-to-int-cast]
  666 | #define LLOFS(x) (int)&(((level_locals_t *)0)->x)
      |                  ^
g_save.c:212:14: note: in expansion of macro ‘LLOFS’
  212 |         {"", LLOFS(sound2_entity), F_EDICT},
      |              ^~~~~
g_local.h:667:18: warning: cast from pointer to integer of different size [-Wpointer-to-int-cast]
  667 | #define CLOFS(x) (int)&(((gclient_t *)0)->x)
      |                  ^
g_save.c:219:14: note: in expansion of macro ‘CLOFS’
  219 |         {"", CLOFS(pers.weapon), F_ITEM},
      |              ^~~~~
g_local.h:667:18: warning: cast from pointer to integer of different size [-Wpointer-to-int-cast]
  667 | #define CLOFS(x) (int)&(((gclient_t *)0)->x)
      |                  ^
g_save.c:220:14: note: in expansion of macro ‘CLOFS’
  220 |         {"", CLOFS(pers.lastweapon), F_ITEM},
      |              ^~~~~
g_local.h:667:18: warning: cast from pointer to integer of different size [-Wpointer-to-int-cast]
  667 | #define CLOFS(x) (int)&(((gclient_t *)0)->x)
      |                  ^
g_save.c:221:14: note: in expansion of macro ‘CLOFS’
  221 |         {"", CLOFS(newweapon), F_ITEM},
      |              ^~~~~
gcc -fcommon -Dstricmp=strcasecmp -funroll-loops -fomit-frame-pointer -fexpensive-optimizations -fPIC -o g_spawn.o -c g_spawn.c
g_spawn.c: In function ‘LoadEntFile’:
g_spawn.c:846:34: warning: implicit declaration of function ‘tolower’ [-Wimplicit-function-declaration]
  846 |                 entfilename[i] = tolower(entfilename[i]);
      |                                  ^~~~~~~
g_spawn.c:29:1: note: include ‘<ctype.h>’ or provide a declaration of ‘tolower’
   28 | #include "g_local.h"
  +++ |+#include <ctype.h>
   29 | 
g_spawn.c: In function ‘LoadCampFile’:
g_spawn.c:910:55: warning: ‘%s’ directive writing up to 63 bytes into a region of size 48 [-Wformat-overflow=]
  910 |                 sprintf(cmpfilename, "dday/navigation/%s.cmp", level.mapname);
      |                                                       ^~       ~~~~~~~~~~~~~
g_spawn.c:910:17: note: ‘sprintf’ output between 21 and 84 bytes into a destination of size 64
  910 |                 sprintf(cmpfilename, "dday/navigation/%s.cmp", level.mapname);
      |                 ^~~~~~~~~~~~~~~~~~~~~~~~~~~~~~~~~~~~~~~~~~~~~~~~~~~~~~~~~~~~~
gcc -fcommon -Dstricmp=strcasecmp -funroll-loops -fomit-frame-pointer -fexpensive-optimizations -fPIC -o g_svcmds.o -c g_svcmds.c
g_svcmds.c: In function ‘SetupCampaign’:
g_svcmds.c:423:39: warning: implicit declaration of function ‘tolower’ [-Wimplicit-function-declaration]
  423 |                 campaignfilename[i] = tolower(campaignfilename[i]);
      |                                       ^~~~~~~
g_svcmds.c:29:1: note: include ‘<ctype.h>’ or provide a declaration of ‘tolower’
   28 | #include "g_local.h"
  +++ |+#include <ctype.h>
   29 | 
gcc -fcommon -Dstricmp=strcasecmp -funroll-loops -fomit-frame-pointer -fexpensive-optimizations -fPIC -o g_target.o -c g_target.c
In file included from g_target.c:28:
g_target.c: In function ‘target_laser_start’:
g_local.h:664:17: warning: cast from pointer to integer of different size [-Wpointer-to-int-cast]
  664 | #define FOFS(x) (int)&(((edict_t *)0)->x)
      |                 ^
g_target.c:640:45: note: in expansion of macro ‘FOFS’
  640 |                         ent = G_Find (NULL, FOFS(targetname), self->target);
      |                                             ^~~~
g_target.c: In function ‘target_lightramp_use’:
g_local.h:664:17: warning: cast from pointer to integer of different size [-Wpointer-to-int-cast]
  664 | #define FOFS(x) (int)&(((edict_t *)0)->x)
      |                 ^
g_target.c:713:40: note: in expansion of macro ‘FOFS’
  713 |                         e = G_Find (e, FOFS(targetname), self->target);
      |                                        ^~~~
gcc -fcommon -Dstricmp=strcasecmp -funroll-loops -fomit-frame-pointer -fexpensive-optimizations -fPIC -o g_trigger.o -c g_trigger.c
gcc -fcommon -Dstricmp=strcasecmp -funroll-loops -fomit-frame-pointer -fexpensive-optimizations -fPIC -o g_turret.o -c g_turret.c
In file included from g_turret.c:30:
g_turret.c: In function ‘turret_breach_die’:
g_local.h:664:17: warning: cast from pointer to integer of different size [-Wpointer-to-int-cast]
  664 | #define FOFS(x) (int)&(((edict_t *)0)->x)
      |                 ^
g_turret.c:603:32: note: in expansion of macro ‘FOFS’
  603 |         while ((t = G_Find (t, FOFS(classname), "turret_range")))
      |                                ^~~~
g_local.h:664:17: warning: cast from pointer to integer of different size [-Wpointer-to-int-cast]
  664 | #define FOFS(x) (int)&(((edict_t *)0)->x)
      |                 ^
g_turret.c:613:32: note: in expansion of macro ‘FOFS’
  613 |         while ((t = G_Find (t, FOFS(classname), "turret_base")))
      |                                ^~~~
g_turret.c: In function ‘turret_base_die’:
g_local.h:664:17: warning: cast from pointer to integer of different size [-Wpointer-to-int-cast]
  664 | #define FOFS(x) (int)&(((edict_t *)0)->x)
      |                 ^
g_turret.c:650:32: note: in expansion of macro ‘FOFS’
  650 |         while ((t = G_Find (t, FOFS(classname), "turret_breach")))
      |                                ^~~~
g_turret.c: In function ‘turret_driver_link’:
g_local.h:664:17: warning: cast from pointer to integer of different size [-Wpointer-to-int-cast]
  664 | #define FOFS(x) (int)&(((edict_t *)0)->x)
      |                 ^
g_turret.c:955:32: note: in expansion of macro ‘FOFS’
  955 |         while ((t = G_Find (t, FOFS(classname), "turret_driver")))
      |                                ^~~~
g_turret.c: In function ‘CheckForTurret’:
g_local.h:664:17: warning: cast from pointer to integer of different size [-Wpointer-to-int-cast]
  664 | #define FOFS(x) (int)&(((edict_t *)0)->x)
      |                 ^
g_turret.c:1086:32: note: in expansion of macro ‘FOFS’
 1086 |         while ((t = G_Find (t, FOFS(classname), "turret_range")))
      |                                ^~~~
gcc -fcommon -Dstricmp=strcasecmp -funroll-loops -fomit-frame-pointer -fexpensive-optimizations -fPIC -o g_utils.o -c g_utils.c
In file included from g_utils.c:30:
g_utils.c: In function ‘G_PickTarget’:
g_local.h:664:17: warning: cast from pointer to integer of different size [-Wpointer-to-int-cast]
  664 | #define FOFS(x) (int)&(((edict_t *)0)->x)
      |                 ^
g_utils.c:190:36: note: in expansion of macro ‘FOFS’
  190 |                 ent = G_Find (ent, FOFS(targetname), targetname);
      |                                    ^~~~
g_utils.c: In function ‘G_UseTargets’:
g_local.h:664:17: warning: cast from pointer to integer of different size [-Wpointer-to-int-cast]
  664 | #define FOFS(x) (int)&(((edict_t *)0)->x)
      |                 ^
g_utils.c:274:40: note: in expansion of macro ‘FOFS’
  274 |                 while ((t = G_Find (t, FOFS(targetname), ent->killtarget)))
      |                                        ^~~~
g_local.h:664:17: warning: cast from pointer to integer of different size [-Wpointer-to-int-cast]
  664 | #define FOFS(x) (int)&(((edict_t *)0)->x)
      |                 ^
g_utils.c:290:40: note: in expansion of macro ‘FOFS’
  290 |                 while ((t = G_Find (t, FOFS(targetname), ent->target)))
      |                                        ^~~~
gcc -fcommon -Dstricmp=strcasecmp -funroll-loops -fomit-frame-pointer -fexpensive-optimizations -fPIC -o g_weapon.o -c g_weapon.c
g_weapon.c: In function ‘DoAnarchyStuff’:
g_weapon.c:2307:16: warning: type defaults to ‘int’ in declaration of ‘lastone’ [-Wimplicit-int]
 2307 |         static lastone;
      |                ^~~~~~~
gcc -fcommon -Dstricmp=strcasecmp -funroll-loops -fomit-frame-pointer -fexpensive-optimizations -fPIC -o m_actor.o -c m_actor.c
gcc -fcommon -Dstricmp=strcasecmp -funroll-loops -fomit-frame-pointer -fexpensive-optimizations -fPIC -o m_civilian.o -c m_civilian.c
gcc -fcommon -Dstricmp=strcasecmp -funroll-loops -fomit-frame-pointer -fexpensive-optimizations -fPIC -o m_flash.o -c m_flash.c
gcc -fcommon -Dstricmp=strcasecmp -funroll-loops -fomit-frame-pointer -fexpensive-optimizations -fPIC -o m_insane.o -c m_insane.c
gcc -fcommon -Dstricmp=strcasecmp -funroll-loops -fomit-frame-pointer -fexpensive-optimizations -fPIC -o m_move.o -c m_move.c
gcc -fcommon -Dstricmp=strcasecmp -funroll-loops -fomit-frame-pointer -fexpensive-optimizations -fPIC -o p_classes.o -c p_classes.c
gcc -fcommon -Dstricmp=strcasecmp -funroll-loops -fomit-frame-pointer -fexpensive-optimizations -fPIC -o p_client.o -c p_client.c
In file included from p_client.c:28:
p_client.c: In function ‘SP_FixCoopSpots’:
g_local.h:664:17: warning: cast from pointer to integer of different size [-Wpointer-to-int-cast]
  664 | #define FOFS(x) (int)&(((edict_t *)0)->x)
      |                 ^
p_client.c:73:37: note: in expansion of macro ‘FOFS’
   73 |                 spot = G_Find(spot, FOFS(classname), "info_player_start");
      |                                     ^~~~
p_client.c: In function ‘SelectRandomDeathmatchSpawnPoint’:
g_local.h:664:17: warning: cast from pointer to integer of different size [-Wpointer-to-int-cast]
  664 | #define FOFS(x) (int)&(((edict_t *)0)->x)
      |                 ^
p_client.c:1466:38: note: in expansion of macro ‘FOFS’
 1466 |         while ((spot = G_Find (spot, FOFS(classname), "info_player_deathmatch")) != NULL)
      |                                      ^~~~
g_local.h:664:17: warning: cast from pointer to integer of different size [-Wpointer-to-int-cast]
  664 | #define FOFS(x) (int)&(((edict_t *)0)->x)
      |                 ^
p_client.c:1499:38: note: in expansion of macro ‘FOFS’
 1499 |                 spot = G_Find (spot, FOFS(classname), "info_player_deathmatch");
      |                                      ^~~~
p_client.c: In function ‘SelectRandomDDaySpawnPoint’:
g_local.h:664:17: warning: cast from pointer to integer of different size [-Wpointer-to-int-cast]
  664 | #define FOFS(x) (int)&(((edict_t *)0)->x)
      |                 ^
p_client.c:1529:43: note: in expansion of macro ‘FOFS’
 1529 |         while ((spot = G_Find_Team (spot, FOFS(classname), spawn_point, team)) != NULL)
      |                                           ^~~~
g_local.h:664:17: warning: cast from pointer to integer of different size [-Wpointer-to-int-cast]
  664 | #define FOFS(x) (int)&(((edict_t *)0)->x)
      |                 ^
p_client.c:1567:43: note: in expansion of macro ‘FOFS’
 1567 |                 spot = G_Find_Team (spot, FOFS(classname), spawn_point, team);
      |                                           ^~~~
g_local.h:664:17: warning: cast from pointer to integer of different size [-Wpointer-to-int-cast]
  664 | #define FOFS(x) (int)&(((edict_t *)0)->x)
      |                 ^
p_client.c:1602:45: note: in expansion of macro ‘FOFS’
 1602 |         while ((spotb = G_Find_Team (spotb, FOFS(classname), spawn_point, otherteam)) != NULL)  {
      |                                             ^~~~
g_local.h:664:17: warning: cast from pointer to integer of different size [-Wpointer-to-int-cast]
  664 | #define FOFS(x) (int)&(((edict_t *)0)->x)
      |                 ^
p_client.c:1613:45: note: in expansion of macro ‘FOFS’
 1613 |                 spotb = G_Find_Team (spotb, FOFS(classname), spawn_point, otherteam);
      |                                             ^~~~
p_client.c: In function ‘SelectNearestSpawnPoint’:
g_local.h:664:17: warning: cast from pointer to integer of different size [-Wpointer-to-int-cast]
  664 | #define FOFS(x) (int)&(((edict_t *)0)->x)
      |                 ^
p_client.c:1689:38: note: in expansion of macro ‘FOFS’
 1689 |         while ((spot = G_Find (spot, FOFS(classname), "info_reinforcements_nearest")) != NULL)
      |                                      ^~~~
p_client.c: In function ‘SelectFarthestDeathmatchSpawnPoint’:
g_local.h:664:17: warning: cast from pointer to integer of different size [-Wpointer-to-int-cast]
  664 | #define FOFS(x) (int)&(((edict_t *)0)->x)
      |                 ^
p_client.c:1742:38: note: in expansion of macro ‘FOFS’
 1742 |         while ((spot = G_Find (spot, FOFS(classname), "info_player_deathmatch")) != NULL)
      |                                      ^~~~
g_local.h:664:17: warning: cast from pointer to integer of different size [-Wpointer-to-int-cast]
  664 | #define FOFS(x) (int)&(((edict_t *)0)->x)
      |                 ^
p_client.c:1763:30: note: in expansion of macro ‘FOFS’
 1763 |         spot = G_Find (NULL, FOFS(classname), "info_player_deathmatch");
      |                              ^~~~
p_client.c: In function ‘SelectCoopSpawnPoint’:
g_local.h:664:17: warning: cast from pointer to integer of different size [-Wpointer-to-int-cast]
  664 | #define FOFS(x) (int)&(((edict_t *)0)->x)
      |                 ^
p_client.c:1796:38: note: in expansion of macro ‘FOFS’
 1796 |                 spot = G_Find (spot, FOFS(classname), "info_player_coop");
      |                                      ^~~~
p_client.c: In function ‘SelectSpawnPoint’:
g_local.h:664:17: warning: cast from pointer to integer of different size [-Wpointer-to-int-cast]
  664 | #define FOFS(x) (int)&(((edict_t *)0)->x)
      |                 ^
p_client.c:1835:46: note: in expansion of macro ‘FOFS’
 1835 |                 while ((spot = G_Find (spot, FOFS(classname), "info_player_start")) != NULL)
      |                                              ^~~~
g_local.h:664:17: warning: cast from pointer to integer of different size [-Wpointer-to-int-cast]
  664 | #define FOFS(x) (int)&(((edict_t *)0)->x)
      |                 ^
p_client.c:1851:54: note: in expansion of macro ‘FOFS’
 1851 |                                 spot = G_Find (spot, FOFS(classname), "info_player_start");
      |                                                      ^~~~
p_client.c: In function ‘Find_Mission_Start_Point’:
g_local.h:664:17: warning: cast from pointer to integer of different size [-Wpointer-to-int-cast]
  664 | #define FOFS(x) (int)&(((edict_t *)0)->x)
      |                 ^
p_client.c:1915:38: note: in expansion of macro ‘FOFS’
 1915 |                 spot = G_Find (spot, FOFS(classname),"info_player_start");
      |                                      ^~~~
gcc -fcommon -Dstricmp=strcasecmp -funroll-loops -fomit-frame-pointer -fexpensive-optimizations -fPIC -o p_generic_wep.o -c p_generic_wep.c
gcc -fcommon -Dstricmp=strcasecmp -funroll-loops -fomit-frame-pointer -fexpensive-optimizations -fPIC -o p_hud.o -c p_hud.c
In file included from p_hud.c:28:
p_hud.c: In function ‘MoveClientToIntermission’:
g_local.h:664:17: warning: cast from pointer to integer of different size [-Wpointer-to-int-cast]
  664 | #define FOFS(x) (int)&(((edict_t *)0)->x)
      |                 ^
p_hud.c:104:48: note: in expansion of macro ‘FOFS’
  104 |                         while ((t = G_Find (t, FOFS(classname), "target_speaker")))
      |                                                ^~~~
p_hud.c: In function ‘BeginIntermission’:
g_local.h:664:17: warning: cast from pointer to integer of different size [-Wpointer-to-int-cast]
  664 | #define FOFS(x) (int)&(((edict_t *)0)->x)
      |                 ^
p_hud.c:227:29: note: in expansion of macro ‘FOFS’
  227 |         ent = G_Find (NULL, FOFS(classname), "info_player_intermission");
      |                             ^~~~
g_local.h:664:17: warning: cast from pointer to integer of different size [-Wpointer-to-int-cast]
  664 | #define FOFS(x) (int)&(((edict_t *)0)->x)
      |                 ^
p_hud.c:232:44: note: in expansion of macro ‘FOFS’
  232 |                         ent = G_Find (ent, FOFS(classname), "info_player_intermission");
      |                                            ^~~~
g_local.h:664:17: warning: cast from pointer to integer of different size [-Wpointer-to-int-cast]
  664 | #define FOFS(x) (int)&(((edict_t *)0)->x)
      |                 ^
p_hud.c:234:53: note: in expansion of macro ‘FOFS’
  234 |                                 ent = G_Find (NULL, FOFS(classname), "info_player_intermission");
      |                                                     ^~~~
g_local.h:664:17: warning: cast from pointer to integer of different size [-Wpointer-to-int-cast]
  664 | #define FOFS(x) (int)&(((edict_t *)0)->x)
      |                 ^
p_hud.c:240:37: note: in expansion of macro ‘FOFS’
  240 |                 ent = G_Find (NULL, FOFS(classname), "info_player_start");
      |                                     ^~~~
g_local.h:664:17: warning: cast from pointer to integer of different size [-Wpointer-to-int-cast]
  664 | #define FOFS(x) (int)&(((edict_t *)0)->x)
      |                 ^
p_hud.c:242:45: note: in expansion of macro ‘FOFS’
  242 |                         ent = G_Find (NULL, FOFS(classname), "info_player_deathmatch");
      |                                             ^~~~
p_hud.c: In function ‘A_ScoreboardMessage’:
p_hud.c:699:33: warning: format not a string literal and no format arguments [-Wformat-security]
  699 |                 sprintf(string, scoretopleftpic); //team 0
      |                                 ^~~~~~~~~~~~~~~
p_hud.c: In function ‘A_ScoreboardMessage2’:
p_hud.c:1023:33: warning: format not a string literal and no format arguments [-Wformat-security]
 1023 |                 sprintf(string, scoretopleftpic); //team 0
      |                                 ^~~~~~~~~~~~~~~
p_hud.c: In function ‘A_ScoreboardMessage’:
p_hud.c:801:98: warning: ‘sprintf’ writing a terminating nul past the end of the destination [-Wformat-overflow=]
  801 |                                                                         sprintf(pingstring , "999");
      |                                                                                                  ^
p_hud.c:801:73: note: ‘sprintf’ output 4 bytes into a destination of size 3
  801 |                                                                         sprintf(pingstring , "999");
      |                                                                         ^~~~~~~~~~~~~~~~~~~~~~~~~~~
p_hud.c:795:98: warning: ‘sprintf’ writing a terminating nul past the end of the destination [-Wformat-overflow=]
  795 |                                                                         sprintf(pingstring, "  %i", game.clients[sorted[TEAM1][i]].ping);
      |                                                                                                  ^
p_hud.c:795:73: note: ‘sprintf’ output between 4 and 14 bytes into a destination of size 3
  795 |                                                                         sprintf(pingstring, "  %i", game.clients[sorted[TEAM1][i]].ping);
      |                                                                         ^~~~~~~~~~~~~~~~~~~~~~~~~~~~~~~~~~~~~~~~~~~~~~~~~~~~~~~~~~~~~~~~
p_hud.c:793:98: warning: ‘sprintf’ writing a terminating nul past the end of the destination [-Wformat-overflow=]
  793 |                                                                         sprintf(pingstring , "BOT");
      |                                                                                                  ^
p_hud.c:793:73: note: ‘sprintf’ output 4 bytes into a destination of size 3
  793 |                                                                         sprintf(pingstring , "BOT");
      |                                                                         ^~~~~~~~~~~~~~~~~~~~~~~~~~~
p_hud.c:849:98: warning: ‘sprintf’ writing a terminating nul past the end of the destination [-Wformat-overflow=]
  849 |                                                                         sprintf(pingstring , "999");
      |                                                                                                  ^
p_hud.c:849:73: note: ‘sprintf’ output 4 bytes into a destination of size 3
  849 |                                                                         sprintf(pingstring , "999");
      |                                                                         ^~~~~~~~~~~~~~~~~~~~~~~~~~~
p_hud.c:843:98: warning: ‘sprintf’ writing a terminating nul past the end of the destination [-Wformat-overflow=]
  843 |                                                                         sprintf(pingstring, "  %i", game.clients[sorted[TEAM2][i]].ping);
      |                                                                                                  ^
p_hud.c:843:73: note: ‘sprintf’ output between 4 and 14 bytes into a destination of size 3
  843 |                                                                         sprintf(pingstring, "  %i", game.clients[sorted[TEAM2][i]].ping);
      |                                                                         ^~~~~~~~~~~~~~~~~~~~~~~~~~~~~~~~~~~~~~~~~~~~~~~~~~~~~~~~~~~~~~~~
p_hud.c:841:98: warning: ‘sprintf’ writing a terminating nul past the end of the destination [-Wformat-overflow=]
  841 |                                                                         sprintf(pingstring , "BOT");
      |                                                                                                  ^
p_hud.c:841:73: note: ‘sprintf’ output 4 bytes into a destination of size 3
  841 |                                                                         sprintf(pingstring , "BOT");
      |                                                                         ^~~~~~~~~~~~~~~~~~~~~~~~~~~
p_hud.c: In function ‘ShowCampaign’:
p_hud.c:1419:29: warning: ‘xv 7 yv 7 picn ’ directive writing 15 bytes into a region of size between 1 and 1024 [-Wformat-overflow=]
 1419 |         sprintf (string, "%sxv 7 yv 7 picn %s ", string, level.campaign);
      |                             ^~~~~~~~~~~~~~~
p_hud.c:1419:9: note: ‘sprintf’ output 17 or more bytes (assuming 1040) into a destination of size 1024
 1419 |         sprintf (string, "%sxv 7 yv 7 picn %s ", string, level.campaign);
      |         ^~~~~~~~~~~~~~~~~~~~~~~~~~~~~~~~~~~~~~~~~~~~~~~~~~~~~~~~~~~~~~~~
p_hud.c:1422:37: warning: ‘xv ’ directive writing 3 bytes into a region of size between 1 and 1024 [-Wformat-overflow=]
 1422 |                 sprintf (string, "%sxv %i yv %i picn o ", string, curx, cury);
      |                                     ^~~
p_hud.c:1422:34: note: using the range [-2147483648, 2147483647] for directive argument
 1422 |                 sprintf (string, "%sxv %i yv %i picn o ", string, curx, cury);
      |                                  ^~~~~~~~~~~~~~~~~~~~~~~
p_hud.c:1422:34: note: using the range [-2147483648, 2147483647] for directive argument
p_hud.c:1422:17: note: ‘sprintf’ output between 18 and 1061 bytes into a destination of size 1024
 1422 |                 sprintf (string, "%sxv %i yv %i picn o ", string, curx, cury);
      |                 ^~~~~~~~~~~~~~~~~~~~~~~~~~~~~~~~~~~~~~~~~~~~~~~~~~~~~~~~~~~~~
p_hud.c:1440:31: warning: ‘sprintf’ may write a terminating nul past the end of the destination [-Wformat-overflow=]
 1440 |         sprintf (string, "%s%i", string, alliedplatoons);
      |                               ^
p_hud.c:1440:9: note: ‘sprintf’ output between 2 and 1035 bytes into a destination of size 1024
 1440 |         sprintf (string, "%s%i", string, alliedplatoons);
      |         ^~~~~~~~~~~~~~~~~~~~~~~~~~~~~~~~~~~~~~~~~~~~~~~~
p_hud.c:1444:31: warning: ‘sprintf’ may write a terminating nul past the end of the destination [-Wformat-overflow=]
 1444 |         sprintf (string, "%s%i", string, axisplatoons);
      |                               ^
p_hud.c:1444:9: note: ‘sprintf’ output between 2 and 1035 bytes into a destination of size 1024
 1444 |         sprintf (string, "%s%i", string, axisplatoons);
      |         ^~~~~~~~~~~~~~~~~~~~~~~~~~~~~~~~~~~~~~~~~~~~~~
p_hud.c:1426:37: warning: ‘xv ’ directive writing 3 bytes into a region of size between 1 and 1024 [-Wformat-overflow=]
 1426 |                 sprintf (string, "%sxv %i yv %i picn ", string, campaign_spots[i].xpos, campaign_spots[i].ypos);
      |                                     ^~~
p_hud.c:1426:17: note: ‘sprintf’ output between 16 and 1059 bytes into a destination of size 1024
 1426 |                 sprintf (string, "%sxv %i yv %i picn ", string, campaign_spots[i].xpos, campaign_spots[i].ypos);
      |                 ^~~~~~~~~~~~~~~~~~~~~~~~~~~~~~~~~~~~~~~~~~~~~~~~~~~~~~~~~~~~~~~~~~~~~~~~~~~~~~~~~~~~~~~~~~~~~~~
p_hud.c:1431:45: warning: ‘g ’ directive writing 2 bytes into a region of size between 1 and 1024 [-Wformat-overflow=]
 1431 |                         sprintf (string, "%sg ", string);
      |                                             ^~
p_hud.c:1431:25: note: ‘sprintf’ output between 3 and 1026 bytes into a destination of size 1024
 1431 |                         sprintf (string, "%sg ", string);
      |                         ^~~~~~~~~~~~~~~~~~~~~~~~~~~~~~~~
p_hud.c:1429:45: warning: ‘u ’ directive writing 2 bytes into a region of size between 1 and 1024 [-Wformat-overflow=]
 1429 |                         sprintf (string, "%su ", string);
      |                                             ^~
p_hud.c:1429:25: note: ‘sprintf’ output between 3 and 1026 bytes into a destination of size 1024
 1429 |                         sprintf (string, "%su ", string);
      |                         ^~~~~~~~~~~~~~~~~~~~~~~~~~~~~~~~
p_hud.c: In function ‘ShowServerImg’:
p_hud.c:1471:29: warning: ‘xv 7 yv 7 picn ’ directive writing 15 bytes into a region of size between 1 and 1024 [-Wformat-overflow=]
 1471 |         sprintf (string, "%sxv 7 yv 7 picn %s ", string, serverimg->string);
      |                             ^~~~~~~~~~~~~~~
p_hud.c:1471:9: note: ‘sprintf’ output 17 or more bytes (assuming 1040) into a destination of size 1024
 1471 |         sprintf (string, "%sxv 7 yv 7 picn %s ", string, serverimg->string);
      |         ^~~~~~~~~~~~~~~~~~~~~~~~~~~~~~~~~~~~~~~~~~~~~~~~~~~~~~~~~~~~~~~~~~~
gcc -fcommon -Dstricmp=strcasecmp -funroll-loops -fomit-frame-pointer -fexpensive-optimizations -fPIC -o p_menu.o -c p_menu.c
gcc -fcommon -Dstricmp=strcasecmp -funroll-loops -fomit-frame-pointer -fexpensive-optimizations -fPIC -o p_observer.o -c p_observer.c
gcc -fcommon -Dstricmp=strcasecmp -funroll-loops -fomit-frame-pointer -fexpensive-optimizations -fPIC -o p_trail.o -c p_trail.c
gcc -fcommon -Dstricmp=strcasecmp -funroll-loops -fomit-frame-pointer -fexpensive-optimizations -fPIC -o p_view.o -c p_view.c
gcc -fcommon -Dstricmp=strcasecmp -funroll-loops -fomit-frame-pointer -fexpensive-optimizations -fPIC -o p_weapon.o -c p_weapon.c
gcc -fcommon -Dstricmp=strcasecmp -funroll-loops -fomit-frame-pointer -fexpensive-optimizations -fPIC -o q_shared.o -c q_shared.c
gcc -fcommon -Dstricmp=strcasecmp -funroll-loops -fomit-frame-pointer -fexpensive-optimizations -fPIC -o u_entmgr.o -c u_entmgr.c
gcc -fcommon -Dstricmp=strcasecmp -funroll-loops -fomit-frame-pointer -fexpensive-optimizations -fPIC -o x_fire.o -c x_fire.c
gcc -fcommon -Dstricmp=strcasecmp -funroll-loops -fomit-frame-pointer -fexpensive-optimizations -fPIC -o usa/usa_item.o -c usa/usa_item.c
gcc -fcommon -Dstricmp=strcasecmp -funroll-loops -fomit-frame-pointer -fexpensive-optimizations -fPIC -o usa/usa_spawn.o -c usa/usa_spawn.c
gcc -fcommon -Dstricmp=strcasecmp -funroll-loops -fomit-frame-pointer -fexpensive-optimizations -fPIC -o usa/usa_guninfo.o -c usa/usa_guninfo.c
gcc -fcommon -Dstricmp=strcasecmp -funroll-loops -fomit-frame-pointer -fexpensive-optimizations -fPIC -o usa/usa_weapon.o -c usa/usa_weapon.c
gcc -fcommon -Dstricmp=strcasecmp -funroll-loops -fomit-frame-pointer -fexpensive-optimizations -fPIC -o usa/usa_main.o -c usa/usa_main.c
gcc -fcommon -Dstricmp=strcasecmp -funroll-loops -fomit-frame-pointer -fexpensive-optimizations -fPIC -o grm/grm_item.o -c grm/grm_item.c
gcc -fcommon -Dstricmp=strcasecmp -funroll-loops -fomit-frame-pointer -fexpensive-optimizations -fPIC -o grm/grm_spawn.o -c grm/grm_spawn.c
gcc -fcommon -Dstricmp=strcasecmp -funroll-loops -fomit-frame-pointer -fexpensive-optimizations -fPIC -o grm/grm_guninfo.o -c grm/grm_guninfo.c
gcc -fcommon -Dstricmp=strcasecmp -funroll-loops -fomit-frame-pointer -fexpensive-optimizations -fPIC -o grm/grm_weapon.o -c grm/grm_weapon.c
gcc -fcommon -Dstricmp=strcasecmp -funroll-loops -fomit-frame-pointer -fexpensive-optimizations -fPIC -o grm/grm_main.o -c grm/grm_main.c
gcc -fcommon -Dstricmp=strcasecmp -funroll-loops -fomit-frame-pointer -fexpensive-optimizations -fPIC -o rus/rus_item.o -c rus/rus_item.c
gcc -fcommon -Dstricmp=strcasecmp -funroll-loops -fomit-frame-pointer -fexpensive-optimizations -fPIC -o rus/rus_spawn.o -c rus/rus_spawn.c
gcc -fcommon -Dstricmp=strcasecmp -funroll-loops -fomit-frame-pointer -fexpensive-optimizations -fPIC -o rus/rus_guninfo.o -c rus/rus_guninfo.c
gcc -fcommon -Dstricmp=strcasecmp -funroll-loops -fomit-frame-pointer -fexpensive-optimizations -fPIC -o rus/rus_weapon.o -c rus/rus_weapon.c
gcc -fcommon -Dstricmp=strcasecmp -funroll-loops -fomit-frame-pointer -fexpensive-optimizations -fPIC -o rus/rus_main.o -c rus/rus_main.c
gcc -fcommon -Dstricmp=strcasecmp -funroll-loops -fomit-frame-pointer -fexpensive-optimizations -fPIC -o gbr/gbr_item.o -c gbr/gbr_item.c
gcc -fcommon -Dstricmp=strcasecmp -funroll-loops -fomit-frame-pointer -fexpensive-optimizations -fPIC -o gbr/gbr_spawn.o -c gbr/gbr_spawn.c
gcc -fcommon -Dstricmp=strcasecmp -funroll-loops -fomit-frame-pointer -fexpensive-optimizations -fPIC -o gbr/gbr_guninfo.o -c gbr/gbr_guninfo.c
gcc -fcommon -Dstricmp=strcasecmp -funroll-loops -fomit-frame-pointer -fexpensive-optimizations -fPIC -o gbr/gbr_weapon.o -c gbr/gbr_weapon.c
gcc -fcommon -Dstricmp=strcasecmp -funroll-loops -fomit-frame-pointer -fexpensive-optimizations -fPIC -o gbr/gbr_main.o -c gbr/gbr_main.c
gcc -fcommon -Dstricmp=strcasecmp -funroll-loops -fomit-frame-pointer -fexpensive-optimizations -fPIC -o jpn/jpn_item.o -c jpn/jpn_item.c
gcc -fcommon -Dstricmp=strcasecmp -funroll-loops -fomit-frame-pointer -fexpensive-optimizations -fPIC -o jpn/jpn_spawn.o -c jpn/jpn_spawn.c
gcc -fcommon -Dstricmp=strcasecmp -funroll-loops -fomit-frame-pointer -fexpensive-optimizations -fPIC -o jpn/jpn_guninfo.o -c jpn/jpn_guninfo.c
gcc -fcommon -Dstricmp=strcasecmp -funroll-loops -fomit-frame-pointer -fexpensive-optimizations -fPIC -o jpn/jpn_weapon.o -c jpn/jpn_weapon.c
gcc -fcommon -Dstricmp=strcasecmp -funroll-loops -fomit-frame-pointer -fexpensive-optimizations -fPIC -o jpn/jpn_main.o -c jpn/jpn_main.c
gcc -fcommon -Dstricmp=strcasecmp -funroll-loops -fomit-frame-pointer -fexpensive-optimizations -fPIC -o usm/usm_item.o -c usm/usm_item.c
gcc -fcommon -Dstricmp=strcasecmp -funroll-loops -fomit-frame-pointer -fexpensive-optimizations -fPIC -o usm/usm_spawn.o -c usm/usm_spawn.c
gcc -fcommon -Dstricmp=strcasecmp -funroll-loops -fomit-frame-pointer -fexpensive-optimizations -fPIC -o usm/usm_guninfo.o -c usm/usm_guninfo.c
gcc -fcommon -Dstricmp=strcasecmp -funroll-loops -fomit-frame-pointer -fexpensive-optimizations -fPIC -o usm/usm_weapon.o -c usm/usm_weapon.c
gcc -fcommon -Dstricmp=strcasecmp -funroll-loops -fomit-frame-pointer -fexpensive-optimizations -fPIC -o usm/usm_main.o -c usm/usm_main.c
gcc -fcommon -Dstricmp=strcasecmp -funroll-loops -fomit-frame-pointer -fexpensive-optimizations -fPIC -o ita/ita_item.o -c ita/ita_item.c
gcc -fcommon -Dstricmp=strcasecmp -funroll-loops -fomit-frame-pointer -fexpensive-optimizations -fPIC -o ita/ita_spawn.o -c ita/ita_spawn.c
gcc -fcommon -Dstricmp=strcasecmp -funroll-loops -fomit-frame-pointer -fexpensive-optimizations -fPIC -o ita/ita_guninfo.o -c ita/ita_guninfo.c
gcc -fcommon -Dstricmp=strcasecmp -funroll-loops -fomit-frame-pointer -fexpensive-optimizations -fPIC -o ita/ita_weapon.o -c ita/ita_weapon.c
gcc -fcommon -Dstricmp=strcasecmp -funroll-loops -fomit-frame-pointer -fexpensive-optimizations -fPIC -o ita/ita_main.o -c ita/ita_main.c
gcc -fcommon -Dstricmp=strcasecmp -funroll-loops -fomit-frame-pointer -fexpensive-optimizations -fPIC -o pol/pol_item.o -c pol/pol_item.c
gcc -fcommon -Dstricmp=strcasecmp -funroll-loops -fomit-frame-pointer -fexpensive-optimizations -fPIC -o pol/pol_spawn.o -c pol/pol_spawn.c
gcc -fcommon -Dstricmp=strcasecmp -funroll-loops -fomit-frame-pointer -fexpensive-optimizations -fPIC -o pol/pol_guninfo.o -c pol/pol_guninfo.c
gcc -fcommon -Dstricmp=strcasecmp -funroll-loops -fomit-frame-pointer -fexpensive-optimizations -fPIC -o pol/pol_weapon.o -c pol/pol_weapon.c
gcc -fcommon -Dstricmp=strcasecmp -funroll-loops -fomit-frame-pointer -fexpensive-optimizations -fPIC -o pol/pol_main.o -c pol/pol_main.c
gcc -fcommon -Dstricmp=strcasecmp -funroll-loops -fomit-frame-pointer -fexpensive-optimizations -fPIC -o ai/bot_common.o -c ai/bot_common.c
gcc -fcommon -Dstricmp=strcasecmp -funroll-loops -fomit-frame-pointer -fexpensive-optimizations -fPIC -o ai/bot_spawn.o -c ai/bot_spawn.c
gcc -fcommon -Dstricmp=strcasecmp -funroll-loops -fomit-frame-pointer -fexpensive-optimizations -fPIC -o ai/ai_weapons.o -c ai/ai_weapons.c
gcc -fcommon -Dstricmp=strcasecmp -funroll-loops -fomit-frame-pointer -fexpensive-optimizations -fPIC -o ai/ai_tools.o -c ai/ai_tools.c
gcc -fcommon -Dstricmp=strcasecmp -funroll-loops -fomit-frame-pointer -fexpensive-optimizations -fPIC -o ai/ai_nodes.o -c ai/ai_nodes.c
In file included from ai/ai_nodes.c:26:
ai/ai_nodes.c: In function ‘AI_PredictJumpadDestity’:
ai/../g_local.h:664:17: warning: cast from pointer to integer of different size [-Wpointer-to-int-cast]
  664 | #define FOFS(x) (int)&(((edict_t *)0)->x)
      |                 ^
ai/ai_nodes.c:140:33: note: in expansion of macro ‘FOFS’
  140 |         target = G_Find ( NULL, FOFS(targetname), ent->target );
      |                                 ^~~~
ai/ai_nodes.c: In function ‘AI_AddNode_Teleporter’:
ai/../g_local.h:664:17: warning: cast from pointer to integer of different size [-Wpointer-to-int-cast]
  664 | #define FOFS(x) (int)&(((edict_t *)0)->x)
      |                 ^
ai/ai_nodes.c:448:31: note: in expansion of macro ‘FOFS’
  448 |         dest = G_Find ( NULL, FOFS(targetname), ent->target );
      |                               ^~~~
gcc -fcommon -Dstricmp=strcasecmp -funroll-loops -fomit-frame-pointer -fexpensive-optimizations -fPIC -o ai/ai_navigation.o -c ai/ai_navigation.c
gcc -fcommon -Dstricmp=strcasecmp -funroll-loops -fomit-frame-pointer -fexpensive-optimizations -fPIC -o ai/ai_movement.o -c ai/ai_movement.c
gcc -fcommon -Dstricmp=strcasecmp -funroll-loops -fomit-frame-pointer -fexpensive-optimizations -fPIC -o ai/ai_links.o -c ai/ai_links.c
gcc -fcommon -Dstricmp=strcasecmp -funroll-loops -fomit-frame-pointer -fexpensive-optimizations -fPIC -o ai/ai_items.o -c ai/ai_items.c
gcc -fcommon -Dstricmp=strcasecmp -funroll-loops -fomit-frame-pointer -fexpensive-optimizations -fPIC -o ai/ai_dropnodes.o -c ai/ai_dropnodes.c
ai/ai_dropnodes.c: In function ‘Camp_Spot’:
ai/ai_dropnodes.c:588:52: warning: ‘%s’ directive writing up to 63 bytes into a region of size 48 [-Wformat-overflow=]
  588 |                 sprintf(filename, "dday/navigation/%s.cmp", level.mapname);
      |                                                    ^~       ~~~~~~~~~~~~~
ai/ai_dropnodes.c:588:17: note: ‘sprintf’ output between 21 and 84 bytes into a destination of size 64
  588 |                 sprintf(filename, "dday/navigation/%s.cmp", level.mapname);
      |                 ^~~~~~~~~~~~~~~~~~~~~~~~~~~~~~~~~~~~~~~~~~~~~~~~~~~~~~~~~~
gcc -fcommon -Dstricmp=strcasecmp -funroll-loops -fomit-frame-pointer -fexpensive-optimizations -fPIC -o ai/ai_class_dmbot.o -c ai/ai_class_dmbot.c
gcc -fcommon -Dstricmp=strcasecmp -funroll-loops -fomit-frame-pointer -fexpensive-optimizations -fPIC -o ai/AStar.o -c ai/AStar.c
ai/AStar.c: In function ‘AStar_PLinkDistance’:
ai/AStar.c:83:12: warning: type of ‘n1’ defaults to ‘int’ [-Wimplicit-int]
   83 | static int AStar_PLinkDistance( n1, n2 )
      |            ^~~~~~~~~~~~~~~~~~~
ai/AStar.c:83:12: warning: type of ‘n2’ defaults to ‘int’ [-Wimplicit-int]
ai/AStar.c: In function ‘AStar_PutAdjacentsInOpen’:
ai/AStar.c:125:13: warning: type of ‘node’ defaults to ‘int’ [-Wimplicit-int]
  125 | static void AStar_PutAdjacentsInOpen( node )
      |             ^~~~~~~~~~~~~~~~~~~~~~~~
gcc -fcommon -Dstricmp=strcasecmp -funroll-loops -fomit-frame-pointer -fexpensive-optimizations -fPIC -o ai/ai_main.o -c ai/ai_main.c
make usax86_64.so -C usa
make[2]: Entering directory '/home/admindday/Quake2/5.40 chilensi/SRC/usa'
gcc -Dstricmp=strcasecmp -funroll-loops -fomit-frame-pointer -fexpensive-optimizations -shared -o usax86_64.so usa_item.o usa_spawn.o usa_guninfo.o usa_weapon.o usa_main.o -ldl -lm
make[2]: Leaving directory '/home/admindday/Quake2/5.40 chilensi/SRC/usa'
make grmx86_64.so -C grm
make[2]: Entering directory '/home/admindday/Quake2/5.40 chilensi/SRC/grm'
gcc -Dstricmp=strcasecmp -funroll-loops -fomit-frame-pointer -fexpensive-optimizations -shared -o grmx86_64.so grm_item.o grm_spawn.o grm_guninfo.o grm_weapon.o grm_main.o -ldl -lm
make[2]: Leaving directory '/home/admindday/Quake2/5.40 chilensi/SRC/grm'
make itax86_64.so -C ita
make[2]: Entering directory '/home/admindday/Quake2/5.40 chilensi/SRC/ita'
gcc -Dstricmp=strcasecmp -funroll-loops -fomit-frame-pointer -fexpensive-optimizations -shared -o itax86_64.so ita_item.o ita_spawn.o ita_guninfo.o ita_weapon.o ita_main.o -ldl -lm
make[2]: Leaving directory '/home/admindday/Quake2/5.40 chilensi/SRC/ita'
make rusx86_64.so -C rus	
make[2]: Entering directory '/home/admindday/Quake2/5.40 chilensi/SRC/rus'
gcc -Dstricmp=strcasecmp -funroll-loops -fomit-frame-pointer -fexpensive-optimizations -shared -o rusx86_64.so rus_item.o rus_spawn.o rus_guninfo.o rus_weapon.o rus_main.o -ldl -lm
make[2]: Leaving directory '/home/admindday/Quake2/5.40 chilensi/SRC/rus'
make gbrx86_64.so -C gbr	
make[2]: Entering directory '/home/admindday/Quake2/5.40 chilensi/SRC/gbr'
gcc -Dstricmp=strcasecmp -funroll-loops -fomit-frame-pointer -fexpensive-optimizations -shared -o gbrx86_64.so gbr_item.o gbr_spawn.o gbr_guninfo.o gbr_weapon.o gbr_main.o -ldl -lm
make[2]: Leaving directory '/home/admindday/Quake2/5.40 chilensi/SRC/gbr'
make jpnx86_64.so -C jpn	
make[2]: Entering directory '/home/admindday/Quake2/5.40 chilensi/SRC/jpn'
gcc -Dstricmp=strcasecmp -funroll-loops -fomit-frame-pointer -fexpensive-optimizations -shared -o jpnx86_64.so jpn_item.o jpn_spawn.o jpn_guninfo.o jpn_weapon.o jpn_main.o -ldl -lm
make[2]: Leaving directory '/home/admindday/Quake2/5.40 chilensi/SRC/jpn'
make usmx86_64.so -C usm
make[2]: Entering directory '/home/admindday/Quake2/5.40 chilensi/SRC/usm'
gcc -Dstricmp=strcasecmp -funroll-loops -fomit-frame-pointer -fexpensive-optimizations -shared -o usmx86_64.so usm_item.o usm_spawn.o usm_guninfo.o usm_weapon.o usm_main.o -ldl -lm
make[2]: Leaving directory '/home/admindday/Quake2/5.40 chilensi/SRC/usm'
make polx86_64.so -C pol
make[2]: Entering directory '/home/admindday/Quake2/5.40 chilensi/SRC/pol'
gcc -Dstricmp=strcasecmp -funroll-loops -fomit-frame-pointer -fexpensive-optimizations -shared -o polx86_64.so pol_item.o pol_spawn.o pol_guninfo.o pol_weapon.o pol_main.o 
make[2]: Leaving directory '/home/admindday/Quake2/5.40 chilensi/SRC/pol'
make itax86_64.so -C ita
make[2]: Entering directory '/home/admindday/Quake2/5.40 chilensi/SRC/ita'
make[2]: 'itax86_64.so' is up to date.
make[2]: Leaving directory '/home/admindday/Quake2/5.40 chilensi/SRC/ita'
make aix86_64.so -C ai
make[2]: Entering directory '/home/admindday/Quake2/5.40 chilensi/SRC/ai'
gcc -Dstricmp=strcasecmp -funroll-loops -fomit-frame-pointer -fexpensive-optimizations -shared -o aix86_64.so bot_common.o bot_spawn.o ai_weapons.o ai_tools.o ai_nodes.o ai_navigation.o ai_movement.o ai_links.o ai_items.o ai_dropnodes.o ai_class_dmbot.o ai_class_monster_default.o AStar.o ai_main.o -ldl -lm
make[2]: Leaving directory '/home/admindday/Quake2/5.40 chilensi/SRC/ai'
gcc -fcommon -Dstricmp=strcasecmp -funroll-loops -fomit-frame-pointer -fexpensive-optimizations -shared -o gamex86_64.real.so g_ai.o g_arty.o g_cmds.o g_combat.o g_ents.o g_func.o g_items.o g_main.o g_maps.o g_misc.o g_monster.o g_objectives.o g_phys.o g_save.o g_spawn.o g_svcmds.o g_target.o g_trigger.o g_turret.o g_utils.o g_weapon.o m_actor.o m_civilian.o m_flash.o m_insane.o m_move.o p_classes.o p_client.o p_generic_wep.o p_hud.o p_menu.o p_observer.o p_trail.o p_view.o p_weapon.o q_shared.o u_entmgr.o x_fire.o usa/usa_item.o  usa/usa_spawn.o usa/usa_guninfo.o usa/usa_weapon.o usa/usa_main.o grm/grm_item.o  grm/grm_spawn.o grm/grm_guninfo.o grm/grm_weapon.o grm/grm_main.o rus/rus_item.o  rus/rus_spawn.o rus/rus_guninfo.o rus/rus_weapon.o rus/rus_main.o gbr/gbr_item.o  gbr/gbr_spawn.o gbr/gbr_guninfo.o gbr/gbr_weapon.o gbr/gbr_main.o jpn/jpn_item.o  jpn/jpn_spawn.o jpn/jpn_guninfo.o jpn/jpn_weapon.o jpn/jpn_main.o usm/usm_item.o  usm/usm_spawn.o usm/usm_guninfo.o usm/usm_weapon.o usm/usm_main.o ita/ita_item.o  ita/ita_spawn.o ita/ita_guninfo.o ita/ita_weapon.o ita/ita_main.o pol/pol_item.o  pol/pol_spawn.o pol/pol_guninfo.o pol/pol_weapon.o pol/pol_main.o ai/bot_common.o ai/bot_spawn.o ai/ai_weapons.o ai/ai_tools.o ai/ai_nodes.o ai/ai_navigation.o ai/ai_movement.o ai/ai_links.o ai/ai_items.o ai/ai_dropnodes.o ai/ai_class_dmbot.o ai/AStar.o ai/ai_main.o -ldl -lm
/usr/bin/ld: warning: size of symbol `grmitems' changed from 3496 in g_ents.o to 2760 in grm/grm_item.o
/usr/bin/ld: warning: NOTE: size discrepancies can cause real problems.  Investigation is advised.
/usr/bin/ld: warning: size of symbol `gbritems' changed from 3496 in g_ents.o to 2944 in gbr/gbr_item.o
/usr/bin/ld: warning: NOTE: size discrepancies can cause real problems.  Investigation is advised.
make[1]: Leaving directory '/home/admindday/Quake2/5.40 chilensi/SRC'
